<?xml version="1.0" encoding="UTF-8"?>
<Site BuildName="(empty)"
	BuildStamp="20240806-0707-Experimental"
	Name="LAPTOP-OL75HPUA"
	Generator="ctest-3.16.3"
	CompilerName="/usr/bin/c++"
	CompilerVersion="9.4.0"
	OSName="Linux"
	Hostname="LAPTOP-OL75HPUA"
	OSRelease="5.15.153.1-microsoft-standard-WSL2"
	OSVersion="#1 SMP Fri Mar 29 23:14:13 UTC 2024"
	OSPlatform="x86_64"
	Is64Bits="1"
	VendorString="AuthenticAMD"
	VendorID="Advanced Micro Devices"
	FamilyID="25"
	ModelID="80"
	ProcessorCacheSize="512"
	NumberOfLogicalCPU="16"
	NumberOfPhysicalCPU="8"
	TotalVirtualMemory="5120"
	TotalPhysicalMemory="19712"
	LogicalProcessorsPerPhysical="2"
	ProcessorClockFrequency="3293.84"
	>
	<Testing>
		<StartDateTime>Aug 06 15:28 CST</StartDateTime>
		<StartTestTime>1722929291</StartTestTime>
		<TestList/>
		<EndDateTime>Aug 06 15:28 CST</EndDateTime>
		<EndTestTime>1722929291</EndTestTime>
		<ElapsedMinutes>0</ElapsedMinutes>
	</Testing>
</Site>
